*****************************************************************
      SolidWorks Corporation - IGES Processor Status Report
*****************************************************************
=================================================================
General Information
=================================================================
Sending System Product I.D.  : coupler1.SLDPRT
Receiving System Product I.D.: coupler1.SLDPRT
File Name                    : C:\Users\cdyoder\Documents\robotics\coupler2.IGS
Sending System               : SolidWorks 2013
Preprocessor Version         : SolidWorks 2013
File Creation Date           : 150930.142100
Model Creation Date          : 150930.142100
Units                        : MM
Model Space Scale            : 1
Author                       : cdyoder
Organization                 : 


=================================================================
Entity Processing Information
=================================================================


=================================================================
Precision analysis of IGES file:
=================================================================
  Most prevalent number of significant digits:               3
  Highest number of significant digits:                     10
  Average number of significant digits:                3.79339
  Maximum distance to origin:                          1422.08
  Minimum distance to origin:                                0
  Effective number of significant digits:                   10


=================================================================
Entity Summary
=================================================================
-----------------------------------------------------------------
Type Name                                         Count Converted
---- ----                                         ----- ---------
100  Arc                                             16        16
102  Composite curve                                 38        38
110  Line                                            56        56
120  Surface of revolution                            8         8
124  Transformation matrix                           16        16
126  Rational B-spline curve                         74        74
128  Rational B-spline surface                        7         7
142  Curve on a parametric surface                   19        19
144  Trimmed parametric surface                      15        15
314  Color definition                                 1         1
_________________________________________________________________


=================================================================
Result Summary
=================================================================
SolidWorks Feature Type                Count
-----------------------                -----
Solid feature(s)                       1
Surface feature(s)                     0
Curve/Sketch feature(s)                0
--------------------------------------------
Start time: Tuesday, November 24, 2015 21:07:37
Finish time: Tuesday, November 24, 2015 21:07:39
Processing time: 0 days, 00 hours, 00 mins, 02 secs
